This is pdfTeX, Version 3.14159265-2.6-1.40.20 (TeX Live 2019) (preloaded format=pdflatex 2019.5.8)  29 APR 2021 08:48
entering extended mode
 restricted \write18 enabled.
 file:line:error style messages enabled.
 %&-line parsing enabled.
**paper.tex
(./paper.tex
LaTeX2e <2018-12-01>
(./agujournal2019.cls
Document Class: agujournal2019 01/14/2019
(/usr/local/texlive/2019/texmf-dist/tex/latex/graphics/graphicx.sty
Package: graphicx 2017/06/01 v1.1a Enhanced LaTeX Graphics (DPC,SPQR)

(/usr/local/texlive/2019/texmf-dist/tex/latex/graphics/keyval.sty
Package: keyval 2014/10/28 v1.15 key=value parser (DPC)
\KV@toks@=\toks14
)
(/usr/local/texlive/2019/texmf-dist/tex/latex/graphics/graphics.sty
Package: graphics 2017/06/25 v1.2c Standard LaTeX Graphics (DPC,SPQR)

(/usr/local/texlive/2019/texmf-dist/tex/latex/graphics/trig.sty
Package: trig 2016/01/03 v1.10 sin cos tan (DPC)
)
(/usr/local/texlive/2019/texmf-dist/tex/latex/graphics-cfg/graphics.cfg
File: graphics.cfg 2016/06/04 v1.11 sample graphics configuration
)
Package graphics Info: Driver file: pdftex.def on input line 99.

(/usr/local/texlive/2019/texmf-dist/tex/latex/graphics-def/pdftex.def
File: pdftex.def 2018/01/08 v1.0l Graphics/color driver for pdftex
))
\Gin@req@height=\dimen102
\Gin@req@width=\dimen103
)
(/usr/local/texlive/2019/texmf-dist/tex/latex/xcolor/xcolor.sty
Package: xcolor 2016/05/11 v2.12 LaTeX color extensions (UK)

(/usr/local/texlive/2019/texmf-dist/tex/latex/graphics-cfg/color.cfg
File: color.cfg 2016/01/02 v1.6 sample color configuration
)
Package xcolor Info: Driver file: pdftex.def on input line 225.
Package xcolor Info: Model `cmy' substituted by `cmy0' on input line 1348.
Package xcolor Info: Model `hsb' substituted by `rgb' on input line 1352.
Package xcolor Info: Model `RGB' extended on input line 1364.
Package xcolor Info: Model `HTML' substituted by `rgb' on input line 1366.
Package xcolor Info: Model `Hsb' substituted by `hsb' on input line 1367.
Package xcolor Info: Model `tHsb' substituted by `hsb' on input line 1368.
Package xcolor Info: Model `HSB' substituted by `hsb' on input line 1369.
Package xcolor Info: Model `Gray' substituted by `gray' on input line 1370.
Package xcolor Info: Model `wave' substituted by `hsb' on input line 1371.
)
(/usr/local/texlive/2019/texmf-dist/tex/latex/url/url.sty
\Urlmuskip=\muskip10
Package: url 2013/09/16  ver 3.4  Verb mode for urls, etc.
)
(/usr/local/texlive/2019/texmf-dist/tex/latex/lineno/lineno.sty
Package: lineno 2005/11/02 line numbers on paragraphs v4.41
\linenopenalty=\count80
\output=\toks15
\linenoprevgraf=\count81
\linenumbersep=\dimen104
\linenumberwidth=\dimen105
\c@linenumber=\count82
\c@pagewiselinenumber=\count83
\c@LN@truepage=\count84
\c@internallinenumber=\count85
\c@internallinenumbers=\count86
\quotelinenumbersep=\dimen106
\bframerule=\dimen107
\bframesep=\dimen108
\bframebox=\box27
LaTeX Info: Redefining \\ on input line 3056.
)
(/usr/local/texlive/2019/texmf-dist/tex/latex/tools/indentfirst.sty
Package: indentfirst 1995/11/23 v1.03 Indent first paragraph (DPC)
)
(/usr/local/texlive/2019/texmf-dist/tex/latex/ms/ragged2e.sty
Package: ragged2e 2009/05/21 v2.1 ragged2e Package (MS)

(/usr/local/texlive/2019/texmf-dist/tex/latex/ms/everysel.sty
Package: everysel 2011/10/28 v1.2 EverySelectfont Package (MS)
)
\CenteringLeftskip=\skip41
\RaggedLeftLeftskip=\skip42
\RaggedRightLeftskip=\skip43
\CenteringRightskip=\skip44
\RaggedLeftRightskip=\skip45
\RaggedRightRightskip=\skip46
\CenteringParfillskip=\skip47
\RaggedLeftParfillskip=\skip48
\RaggedRightParfillskip=\skip49
\JustifyingParfillskip=\skip50
\CenteringParindent=\skip51
\RaggedLeftParindent=\skip52
\RaggedRightParindent=\skip53
\JustifyingParindent=\skip54
)
(/usr/local/texlive/2019/texmf-dist/tex/latex/graphics/rotating.sty
Package: rotating 2016/08/11 v2.16d rotated objects in LaTeX

(/usr/local/texlive/2019/texmf-dist/tex/latex/base/ifthen.sty
Package: ifthen 2014/09/29 v1.1c Standard LaTeX ifthen package (DPC)
)
\c@r@tfl@t=\count87
\rotFPtop=\skip55
\rotFPbot=\skip56
\rot@float@box=\box28
\rot@mess@toks=\toks16
)
\draftskip=\count88
\c@section=\count89
\c@subsection=\count90
\c@subsubsection=\count91
\c@paragraph=\count92
\c@subparagraph=\count93
\c@figure=\count94
\c@table=\count95
\abovecaptionskip=\skip57
\belowcaptionskip=\skip58
\c@appendnum=\count96
\bibindent=\dimen109

(/usr/local/texlive/2019/texmf-dist/tex/latex/apacite/apacite.sty
Package: apacite 2013/07/21 v6.03 APA citation
\c@BibCnt=\count97
\bibleftmargin=\skip59
\bibindent=\skip60
\bibparsep=\skip61
\bibitemsep=\skip62
\biblabelsep=\skip63
))
(./trackchanges.sty
Package: trackchanges 2009/04/22 v0.7.0 TrackChanges file 

(/usr/local/texlive/2019/texmf-dist/tex/latex/tools/calc.sty
Package: calc 2017/05/25 v4.3 Infix arithmetic (KKT,FJ)
\calc@Acount=\count98
\calc@Bcount=\count99
\calc@Adimen=\dimen110
\calc@Bdimen=\dimen111
\calc@Askip=\skip64
\calc@Bskip=\skip65
LaTeX Info: Redefining \setlength on input line 80.
LaTeX Info: Redefining \addtolength on input line 81.
\calc@Ccount=\count100
\calc@Cskip=\skip66
)
(/usr/local/texlive/2019/texmf-dist/tex/latex/soul/soul.sty
Package: soul 2003/11/17 v2.4 letterspacing/underlining (mf)
\SOUL@word=\toks17
\SOUL@lasttoken=\toks18
\SOUL@cmds=\toks19
\SOUL@buffer=\toks20
\SOUL@token=\toks21
\SOUL@spaceskip=\skip67
\SOUL@ttwidth=\dimen112
\SOUL@uldp=\dimen113
\SOUL@ulht=\dimen114
)
(/usr/local/texlive/2019/texmf-dist/tex/latex/morefloats/morefloats.sty
Package: morefloats 2015/07/22 v1.0h Raise limit of unprocessed floats (HMM)

(/usr/local/texlive/2019/texmf-dist/tex/latex/oberdiek/kvoptions.sty
Package: kvoptions 2016/05/16 v3.12 Key value format for package options (HO)

(/usr/local/texlive/2019/texmf-dist/tex/generic/oberdiek/ltxcmds.sty
Package: ltxcmds 2016/05/16 v1.23 LaTeX kernel commands for general use (HO)
)
(/usr/local/texlive/2019/texmf-dist/tex/generic/oberdiek/kvsetkeys.sty
Package: kvsetkeys 2016/05/16 v1.17 Key value parser (HO)

(/usr/local/texlive/2019/texmf-dist/tex/generic/oberdiek/infwarerr.sty
Package: infwarerr 2016/05/16 v1.4 Providing info/warning/error messages (HO)
)
(/usr/local/texlive/2019/texmf-dist/tex/generic/oberdiek/etexcmds.sty
Package: etexcmds 2016/05/16 v1.6 Avoid name clashes with e-TeX commands (HO)

(/usr/local/texlive/2019/texmf-dist/tex/generic/oberdiek/ifluatex.sty
Package: ifluatex 2016/05/16 v1.4 Provides the ifluatex switch (HO)
Package ifluatex Info: LuaTeX not detected.
))))
Package morefloats Info: Maximum number of possible floats asked for: 36
(morefloats)             (i.e. 18 more floats).
(morefloats)             LaTeX might run out of memory before this
(morefloats)             (in which case it will notify you).
)
\c@userid=\count101
\c@changenumber=\count102
\c@storefootnote=\count103
\c@numeditors=\count104
\c@maxeditors=\count105
)
(./paper.aux)
\openout1 = `paper.aux'.

LaTeX Font Info:    Checking defaults for OML/cmm/m/it on input line 73.
LaTeX Font Info:    ... okay on input line 73.
LaTeX Font Info:    Checking defaults for T1/cmr/m/n on input line 73.
LaTeX Font Info:    ... okay on input line 73.
LaTeX Font Info:    Checking defaults for OT1/cmr/m/n on input line 73.
LaTeX Font Info:    ... okay on input line 73.
LaTeX Font Info:    Checking defaults for OMS/cmsy/m/n on input line 73.
LaTeX Font Info:    ... okay on input line 73.
LaTeX Font Info:    Checking defaults for OMX/cmex/m/n on input line 73.
LaTeX Font Info:    ... okay on input line 73.
LaTeX Font Info:    Checking defaults for U/cmr/m/n on input line 73.
LaTeX Font Info:    ... okay on input line 73.

(/usr/local/texlive/2019/texmf-dist/tex/context/base/mkii/supp-pdf.mkii
[Loading MPS to PDF converter (version 2006.09.02).]
\scratchcounter=\count106
\scratchdimen=\dimen115
\scratchbox=\box29
\nofMPsegments=\count107
\nofMParguments=\count108
\everyMPshowfont=\toks22
\MPscratchCnt=\count109
\MPscratchDim=\dimen116
\MPnumerator=\count110
\makeMPintoPDFobject=\count111
\everyMPtoPDFconversion=\toks23
) (/usr/local/texlive/2019/texmf-dist/tex/latex/oberdiek/epstopdf-base.sty
Package: epstopdf-base 2016/05/15 v2.6 Base part for package epstopdf

(/usr/local/texlive/2019/texmf-dist/tex/latex/oberdiek/grfext.sty
Package: grfext 2016/05/16 v1.2 Manage graphics extensions (HO)

(/usr/local/texlive/2019/texmf-dist/tex/generic/oberdiek/kvdefinekeys.sty
Package: kvdefinekeys 2016/05/16 v1.4 Define keys (HO)
))
(/usr/local/texlive/2019/texmf-dist/tex/generic/oberdiek/pdftexcmds.sty
Package: pdftexcmds 2018/09/10 v0.29 Utility functions of pdfTeX for LuaTeX (HO
)

(/usr/local/texlive/2019/texmf-dist/tex/generic/oberdiek/ifpdf.sty
Package: ifpdf 2018/09/07 v3.3 Provides the ifpdf switch
)
Package pdftexcmds Info: LuaTeX not detected.
Package pdftexcmds Info: \pdf@primitive is available.
Package pdftexcmds Info: \pdf@ifprimitive is available.
Package pdftexcmds Info: \pdfdraftmode found.
)
Package epstopdf-base Info: Redefining graphics rule for `.eps' on input line 4
38.
Package grfext Info: Graphics extension search list:
(grfext)             [.pdf,.png,.jpg,.mps,.jpeg,.jbig2,.jb2,.PDF,.PNG,.JPG,.JPE
G,.JBIG2,.JB2,.eps]
(grfext)             \AppendGraphicsExtensions on input line 456.

(/usr/local/texlive/2019/texmf-dist/tex/latex/latexconfig/epstopdf-sys.cfg
File: epstopdf-sys.cfg 2010/07/13 v1.3 Configuration of (r)epstopdf for TeX Liv
e
))
ABD: EverySelectfont initializing macros
LaTeX Info: Redefining \selectfont on input line 73.
\c@maskedRefs=\count112

(/usr/local/texlive/2019/texmf-dist/tex/latex/apacite/english.apc
File: english.apc 2013/07/21 v6.03 apacite language file
LaTeX Info: Redefining \BPBI on input line 129.
LaTeX Info: Redefining \BHBI on input line 130.
)
LaTeX Font Info:    External font `cmex10' loaded for size
(Font)              <7> on input line 108.
LaTeX Font Info:    External font `cmex10' loaded for size
(Font)              <5> on input line 108.
LaTeX Font Info:    External font `cmex10' loaded for size
(Font)              <8> on input line 116.
LaTeX Font Info:    External font `cmex10' loaded for size
(Font)              <6> on input line 116.

Overfull \hbox (1.82109pt too wide) in paragraph at lines 148--149
[]\OT1/cmr/m/n/10 NCAR's CESM Large En-sem-ble pre-dicts in-crease to Ni~no 3.4
 vari-ance over the 
 []


Overfull \hbox (23.65456pt too wide) in paragraph at lines 150--151
[]\OT1/cmr/m/n/10 Changes to ENSO am-pli-tude are linked to changes to equa-to-
rial Pa-cific ocean strat- 
 []

[1{/usr/local/texlive/2019/texmf-var/fonts/map/pdftex/updmap/pdftex.map}]
Overfull \hbox (1.23798pt too wide) in paragraph at lines 176--177
[]\OT1/cmr/m/n/10 The El Ni~no/Southern Os-cil-la-tion (ENSO) is the dom-i-nant
 mode of in-ter-an-nual 
 []


Overfull \hbox (0.90463pt too wide) in paragraph at lines 176--177
\OT1/cmr/m/n/10 cli-mate vari-abil-ity, with sub-stan-tial as-so-ci-ated global
 socio-economic im-pacts. Due to 
 []


Overfull \hbox (4.76567pt too wide) in paragraph at lines 176--177
\OT1/cmr/m/n/10 their sig-nif-i-cance, shifts in ENSO un-der cli-mate change al
so have the po-ten-tial to sub- 
 []


Overfull \hbox (16.98793pt too wide) in paragraph at lines 176--177
\OT1/cmr/m/n/10 stan-tially im-pact hu-man so-ci-ety and nat-u-ral ecosys-tems.
 How-ever, it is cur-rently un-clear 
 []


Overfull \hbox (22.82124pt too wide) in paragraph at lines 176--177
\OT1/cmr/m/n/10 what ef-fect green-house gas (GHG) and in-dus-trial aerosol (AE
R) emis-sions have on ENSO, 
 []


Overfull \hbox (12.51561pt too wide) in paragraph at lines 176--177
\OT1/cmr/m/n/10 as well as what ef-fect these fac-tors have when com-bined. Thi
s study ex-am-ined tran-sient 
 []


Overfull \hbox (7.59903pt too wide) in paragraph at lines 176--177
\OT1/cmr/m/n/10 changes to ENSO vari-ance un-der a va-ri-ety of forc-ing sce-na
r-ios us-ing the CESM1 Large 
 []


Overfull \hbox (15.37674pt too wide) in paragraph at lines 176--177
\OT1/cmr/m/n/10 and Single-Forcing En-sem-bles. These multi-member en-sem-bles 
span the his-tor-i-cal record 
 []


Overfull \hbox (27.988pt too wide) in paragraph at lines 176--177
\OT1/cmr/m/n/10 (1920-2005) and much of the 21st C (2006-2080 for GHG/AER). A 2
000-year pre-industrial 
 []


Overfull \hbox (7.54353pt too wide) in paragraph at lines 176--177
\OT1/cmr/m/n/10 (PI) con-trol sim-u-la-tion is used to ac-count for model drift
 and 20-year run-ning vari-ance 
 []


Overfull \hbox (1.40456pt too wide) in paragraph at lines 176--177
\OT1/cmr/m/n/10 of the Ni~no 3.4 SST in-dex is used as a proxy for ENSO vari-an
ce. The en-sem-ble mean 
 []


Overfull \hbox (14.79343pt too wide) in paragraph at lines 176--177
\OT1/cmr/m/n/10 and stan-dard er-ror of each en-sem-ble was cal-cu-lated, while
 the Prob-a-bil-ity Den-sity Func- 
 []


Overfull \hbox (5.51572pt too wide) in paragraph at lines 176--177
\OT1/cmr/m/n/10 tion (PDF) is com-puted for the PI con-trol sim-u-la-tion to es
-ti-mate the sta-tis-ti-cal sig-nif- 
 []


Overfull \hbox (19.18227pt too wide) in paragraph at lines 176--177
\OT1/cmr/m/n/10 i-cance of sim-u-lated changes. We cal-cu-lated the cor-re-la-t
ion co-ef-fi-cient be-tween ocean tem- 
 []


Overfull \hbox (17.48799pt too wide) in paragraph at lines 176--177
\OT1/cmr/m/n/10 per-a-ture in the equa-to-rial Pa-cific and Ni~no 3.4 un-der va
r-i-ous forc-ing con-di-tions, con-clud- 
 []


Overfull \hbox (1.15459pt too wide) in paragraph at lines 176--177
\OT1/cmr/m/n/10 ing that Pa-cific strat-i-fi-ca-tion likely is tied to changes 
to ENSO am-pli-tude. We iden-ti- 
 []


Overfull \hbox (2.40462pt too wide) in paragraph at lines 176--177
\OT1/cmr/m/n/10 fed sig-nif-i-cant in-creases in vari-ance of the Ni~no 3.4 in-
dex un-der full-forcing con-di-tions 
 []


Overfull \hbox (14.18236pt too wide) in paragraph at lines 176--177
\OT1/cmr/m/n/10 dur-ing the his-tor-i-cal record and at-tribute these mainly to
 changes in GHG, with the po- 
 []


LaTeX Font Warning: Font shape `OT1/cmr/m/n' in size <10.5> not available
(Font)              size <10.95> substituted on input line 215.


LaTeX Font Warning: Font shape `OT1/cmr/bx/n' in size <10.5> not available
(Font)              size <10.95> substituted on input line 215.


Overfull \hbox (9.71022pt too wide) in paragraph at lines 217--218
[]\OT1/cmr/m/n/10 El Ni~no is the main mode of in-ter-an-ual cli-mate vari-abil
-ity, orig-i-nat-ing from an in- 
 []


Overfull \hbox (6.84897pt too wide) in paragraph at lines 217--218
\OT1/cmr/m/n/10 ter-ac-tion be-tween the at-mo-sphere and wa-ter move-ment and 
tem-per-a-ture in the Pa-cific 
 []


Overfull \hbox (2.4879pt too wide) in paragraph at lines 217--218
\OT1/cmr/m/n/10 ocean []Bjerknes, 1969). The rea-sons for study-ing ENSO are cl
ear, as ENSO has dras- 
 []


Overfull \hbox (20.90472pt too wide) in paragraph at lines 217--218
\OT1/cmr/m/n/10 ti-cally af-fected cli-mate pat-terns world-wide, mod-u-lat-ing
 rain-fall and tem-per-a-ture in nearly 
 []


Overfull \hbox (22.09908pt too wide) in paragraph at lines 217--218
\OT1/cmr/m/n/10 ev-ery con-ti-nent []Ropelewski & Halpert, 1987). For ex-am-ple
, the re-cent 2015-2016 El Ni~no 
 []


Overfull \hbox (2.4046pt too wide) in paragraph at lines 217--218
\OT1/cmr/m/n/10 event con-tributed to record-breaking high tem-per-a-tures and 
droughts in South Amer- 
 []


Overfull \hbox (17.68237pt too wide) in paragraph at lines 217--218
\OT1/cmr/m/n/10 ica []Jim^^Senez-Mu~noz et al.[], 2016). At the same time, long
-term an-thro-pogenic green-house 
 []


Overfull \hbox (3.79341pt too wide) in paragraph at lines 217--218
\OT1/cmr/m/n/10 gas emis-sions are caus-ing global tem-per-a-tures to in-crease
 through a green-house ef-fect. 
 []


Overfull \hbox (15.79344pt too wide) in paragraph at lines 217--218
\OT1/cmr/m/n/10 The ef-fect of green-house emis-sions and other fac-tors on ENS
O in-ten-sity re-mains un-clear.  
 []


Overfull \hbox (14.40442pt too wide) in paragraph at lines 219--220
[]\OT1/cmr/m/n/10 The two ma-jor ways in which the earth's cli-mate varies are 
cli-mate change and cli- 
 []


Overfull \hbox (2.34898pt too wide) in paragraph at lines 219--220
\OT1/cmr/m/n/10 mate vari-abil-ity. Cli-mate change is de-fined as cli-mate cha
nges caused by ex-ter-nal fac- 
 []


Overfull \hbox (4.21014pt too wide) in paragraph at lines 219--220
\OT1/cmr/m/n/10 tors, most no-tably green-house gasses, nat-u-ral and ar-ti-fi-
cial aerosol emis-sions, land use 
 []


Overfull \hbox (14.69615pt too wide) in paragraph at lines 219--220
\OT1/cmr/m/n/10 changes, and strato-spheric ozone changes. Green-house gas emis
-sions have a clear im-pact 
 []


Overfull \hbox (17.6824pt too wide) in paragraph at lines 219--220
\OT1/cmr/m/n/10 on the earth's cli-mate, global warm-ing. Cli-mate change is us
u-ally long-term. In con-trast, 
 []


Overfull \hbox (8.01576pt too wide) in paragraph at lines 219--220
\OT1/cmr/m/n/10 in-ter-nal vari-abil-ity is de-fined as changes to the earth's 
cli-mate orig-i-nat-ing from nat-u-ral 
 []


Overfull \hbox (1.46008pt too wide) in paragraph at lines 219--220
\OT1/cmr/m/n/10 cli-matic pro-cesses, such as ENSO, Pa-cific Decadal Os-cil-la-
tion (PDO), At-lantic Mul-ti- 
 []


Overfull \hbox (41.988pt too wide) in paragraph at lines 219--220
\OT1/cmr/m/n/10 decadal Os-cil-la-tion (AMO), and oth-ers. Cli-mate vari-abil-i
ty oc-curs on much shorter timescales, 
 []


Underfull \vbox (badness 10000) has occurred while \output is active []

 [2]
Overfull \hbox (14.59892pt too wide) in paragraph at lines 221--222
[]\OT1/cmr/m/n/10 Research on the ef-fect of ex-ter-nal forc-ing on ENSO re-mai
ns in-con-clu-sive, as re-sults 
 []


Overfull \hbox (9.099pt too wide) in paragraph at lines 221--222
\OT1/cmr/m/n/10 from sim-i-lar stud-ies con-flict. []Nowack et al.[] (2017) pre
-dicted an over-all in-crease in Ni~no 
 []


Overfull \hbox (8.44635pt too wide) in paragraph at lines 221--222
\OT1/cmr/m/n/10 3.4 stan-dard de-vi-a-tion un-der a com-bi-na-tion of 4xCO$[]$ 
and in-ter-ac-tive ozone forc-ing us- 
 []


Overfull \hbox (5.15454pt too wide) in paragraph at lines 221--222
\OT1/cmr/m/n/10 ing single-model sim-u-la-tions, show-ing that green-house gass
es in-crease the fre-quency of 
 []


Overfull \hbox (5.79347pt too wide) in paragraph at lines 221--222
\OT1/cmr/m/n/10 ex-treme ENSO by fa-vor-ing a more Ni~no-like in the trop-i-cal
 Pa-cific, while ozone damp- 
 []


Overfull \hbox (16.26564pt too wide) in paragraph at lines 221--222
\OT1/cmr/m/n/10 ens this ef-fect. In con-trast, a few stud-ies have found that 
ENSO am-pli-tude de-creases un- 
 []


Overfull \hbox (23.62679pt too wide) in paragraph at lines 223--224
[]\OT1/cmr/m/n/10 However, other stud-ies have failed to find any sta-tis-ti-ca
lly sig-nif-i-cant ENSO re-sponse 
 []


Overfull \hbox (2.48793pt too wide) in paragraph at lines 223--224
\OT1/cmr/m/n/10 to ex-ter-nal forc-ing []Stevenson, 2012). Anal-y-sis us-ing NC
AR's CESM Large En-sem-ble 
 []


Overfull \hbox (3.51556pt too wide) in paragraph at lines 223--224
\OT1/cmr/m/n/10 shows an en-sem-ble size of at least 15 mod-els is nec-es-sary 
to at-tribute changes to Ni~no 
 []


Overfull \hbox (10.76573pt too wide) in paragraph at lines 223--224
\OT1/cmr/m/n/10 vari-ance to ex-ter-nal forc-ing and re-ject the null hy-poth-e
-sis that in-ter-nal vari-abil-ity is re- 
 []


Overfull \hbox (8.09908pt too wide) in paragraph at lines 223--224
\OT1/cmr/m/n/10 spon-si-ble for changes to ENSO []Zheng et al.[], 2018). Sev-er
al modes of in-ter-nal vari-abil- 
 []


Overfull \hbox (4.62688pt too wide) in paragraph at lines 223--224
\OT1/cmr/m/n/10 ity have been shown to mod-u-late ENSO, in-clud-ing the AMO []L
evine et al.[], 2017) and 
 []


Overfull \hbox (20.84908pt too wide) in paragraph at lines 223--224
\OT1/cmr/m/n/10 Trop-i-cal Pa-cific Decadal Vari-abil-ity (TPDV) []Zheng et al.
[], 2018). An anal-y-sis of the Max 
 []


Overfull \hbox (4.14058pt too wide) in paragraph at lines 223--224
\OT1/cmr/m/n/10 Plank In-sti-tute's Grand En-sem-ble as well as NCAR's CESM Lar
ge En-sem-ble sug-gests 
 []


Overfull \hbox (2.07137pt too wide) in paragraph at lines 223--224
\OT1/cmr/m/n/10 that 80% of changes to ENSO am-pli-tude can be at-tributed to i
n-ter-nal vari-abil-ity, but 
 []


Overfull \hbox (2.40459pt too wide) in paragraph at lines 223--224
\OT1/cmr/m/n/10 given a large enough en-sem-ble, sig-nif-i-cant changes in ENSO
 am-pli-tude due to cli-mate 
 []


Overfull \hbox (7.48778pt too wide) in paragraph at lines 225--226
[]\OT1/cmr/m/n/10 In this study, we show that NCAR's CESM pre-dicts sig-nif-i-c
ant in-crease in ENSO 
 []


Overfull \hbox (16.82124pt too wide) in paragraph at lines 225--226
\OT1/cmr/m/n/10 am-pli-tude in the 21st cen-tury, and that green-house gasses a
nd aerosol emis-sions play im- 
 []


Overfull \hbox (1.87674pt too wide) in paragraph at lines 225--226
\OT1/cmr/m/n/10 por-tant roles in caus-ing this in-crease. As in pre-vi-ous stu
d-ies, the role of in-ter-nal vari- 
 []


Overfull \hbox (13.21017pt too wide) in paragraph at lines 225--226
\OT1/cmr/m/n/10 abil-ity in con-junc-tion with forc-ing was ex-am-ined. We hy-p
oth-e-sized that in-creased strat- 
 []


Underfull \vbox (badness 10000) has occurred while \output is active []

 [3]
Overfull \hbox (19.87682pt too wide) in paragraph at lines 229--230
[]\OT1/cmr/m/n/10 The pri-mary data source for this study is NCAR's Com-mu-nity
 Earth Sys-tem Model 
 []


Overfull \hbox (4.68231pt too wide) in paragraph at lines 229--230
\OT1/cmr/m/n/10 Large En-sem-ble and Sin-gle Forc-ing En-sem-ble (CESM1-LE). Th
e Large En-sem-ble con- 
 []


Overfull \hbox (1.43239pt too wide) in paragraph at lines 229--230
\OT1/cmr/m/n/10 tains 40 sim-u-la-tions of the CESM1 cou-pled model, forced wit
h his-toric ra-dia-tive forc- 
 []


Overfull \hbox (3.57137pt too wide) in paragraph at lines 229--230
\OT1/cmr/m/n/10 ing from 1920 to 2005 and ac-cord-ing to the RCP 8.5 pro-to-col
 from 2006 to 2100 []Kay 
 []


Overfull \hbox (11.98784pt too wide) in paragraph at lines 229--230
\OT1/cmr/m/n/10 et al.[], 2015). The sin-gle forc-ing en-sem-ble is a col-lec-t
ion of sub-ensembles for var-i-ous cli- 
 []


Overfull \hbox (3.65456pt too wide) in paragraph at lines 229--230
\OT1/cmr/m/n/10 mate fac-tors (green-house gas, aerosols, biomass burn-ing, lan
d use, ozone). Each sim-u- 
 []


Overfull \hbox (5.59908pt too wide) in paragraph at lines 229--230
\OT1/cmr/m/n/10 la-tion is forced by a com-bi-na-tion of all fac-tors ex-cept f
or one, al-low-ing the im-pact of a 
 []


Overfull \hbox (7.62679pt too wide) in paragraph at lines 229--230
\OT1/cmr/m/n/10 sin-gle fac-tor to be de-duced by sub-tract-ing the en-sem-ble 
mean from the fully-forced en- 
 []


Overfull \hbox (3.59895pt too wide) in paragraph at lines 229--230
\OT1/cmr/m/n/10 sem-ble mean []Deser et al.[], 2020). For ex-am-ple, the xghg (
green-house gas) en-sem-ble is 
 []


Overfull \hbox (14.65454pt too wide) in paragraph at lines 229--230
\OT1/cmr/m/n/10 forced by aerosol emis-sions, biomass burn-ing, land use, and o
zone. There is also a prein- 
 []


Overfull \hbox (4.71013pt too wide) in paragraph at lines 235--236
[]\OT1/cmr/m/n/10 We es-ti-mate 20th and 21st cen-tury ENSO am-pli-tude for eac
h model in the fully- 
 []


Overfull \hbox (1.84898pt too wide) in paragraph at lines 235--236
\OT1/cmr/m/n/10 forced, single-forced, and PI con-trol CESM1 en-sem-bles us-ing
 the vari-ance of the Ni~no 
 []


Overfull \hbox (2.65457pt too wide) in paragraph at lines 235--236
\OT1/cmr/m/n/10 3.4 re-gion of the Pa-cific ocean (5N-5S, 170W-120W). We mea-su
re vari-ance on 20-year 
 []


Overfull \hbox (13.46002pt too wide) in paragraph at lines 235--236
\OT1/cmr/m/n/10 cen-tered slid-ing win-dows. We cal-cu-late the multi-model mea
n for each en-sem-ble, as well 
 []


Overfull \hbox (2.21005pt too wide) in paragraph at lines 237--238
[]\OT1/cmr/m/n/10 The fully-forced en-sem-ble ex-hibits mod-er-ate in-crease in
 vari-ance, with the other 
 []


Overfull \hbox (2.51563pt too wide) in paragraph at lines 237--238
\OT1/cmr/m/n/10 en-sem-bles show-ing less mean-ing-ful changes. In the fully-fo
rced en-sem-ble, the vari-ance 
 []


Overfull \hbox (6.73788pt too wide) in paragraph at lines 237--238
\OT1/cmr/m/n/10 of the Ni~no 3.4 re-gion in-creases be-yond 2 stan-dard er-rors
 of the con-trol, in-creas-ing un- 
 []


Overfull \hbox (22.43237pt too wide) in paragraph at lines 237--238
\OT1/cmr/m/n/10 til the mid-21st cen-tury, and then de-creas-ing grad-u-ally. T
he ex-cluded green-house, aerosol, 
 []


Overfull \hbox (7.34898pt too wide) in paragraph at lines 237--238
\OT1/cmr/m/n/10 and biomass-burning en-sem-bles also con-tain a slight in-creas
e, which may not be sta-tis- 
 []


Overfull \hbox (11.07124pt too wide) in paragraph at lines 237--238
\OT1/cmr/m/n/10 ti-cally sig-nif-i-cant. Al-though the ex-cluded land use en-se
m-ble mean has a strong in-crease 
 []


Overfull \hbox (12.7379pt too wide) in paragraph at lines 237--238
\OT1/cmr/m/n/10 in vari-ance, this re-sult is un-likely to be mean-ing-ful due 
to the xlulc en-sem-ble's low sam- 
 []


Overfull \hbox (19.18236pt too wide) in paragraph at lines 237--238
\OT1/cmr/m/n/10 ple size. Ad-di-tion-ally, all en-sem-bles ex-hibit con-sid-er-
able noise, in line with pre-vi-ous stud- 
 []

<figures/variance_1.pdf, id=24, 289.08pt x 216.81pt>
File: figures/variance_1.pdf Graphic file (type pdf)
<use figures/variance_1.pdf>
Package pdftex.def Info: figures/variance_1.pdf  used on input line 240.
(pdftex.def)             Requested size: 289.07928pt x 216.80946pt.

Underfull \hbox (badness 10000) in paragraph at lines 241--241
[]\OT1/cmr/bx/n/9 Figure  1. \OT1/cmr/m/n/9 20-year win-dowed vari-ance of the 
Ni~no 3.4 re-gion SST, for en-sem-bles a) full-forcing,
 []


Underfull \hbox (badness 10000) in paragraph at lines 241--241
\OT1/cmr/m/n/9 b) xghg, c) xaer, d) xbmb, e) xlulc, f) fixedO3. Grey bars are P
I con-trol mean and 1x, 2x, 3x
 []


Overfull \hbox (6.01563pt too wide) in paragraph at lines 245--246
[]\OT1/cmr/m/n/10 The fully-forced en-sem-ble ex-hibits re-duced vari-ance in t
he mid-late 20th cen-tury, 
 []


Overfull \hbox (8.84906pt too wide) in paragraph at lines 245--246
\OT1/cmr/m/n/10 be-low that of the PI con-trol. The most likely ex-pla-na-tion 
for this phe-nomenon is in-ter- 
 []


Overfull \hbox (14.76572pt too wide) in paragraph at lines 245--246
\OT1/cmr/m/n/10 nal vari-abil-ity. To test the like-li-hood of this ex-pla-na-t
ion, we test the in-flu-ence of the At- 
 []


Overfull \hbox (41.98808pt too wide) in paragraph at lines 245--246
\OT1/cmr/m/n/10 lantic Mul-ti-decadal Os-cil-la-tion (AMO) and At-lantic Merid-
ional Over-turn-ing Cur-rent (AMOC) 
 []


Overfull \hbox (7.96013pt too wide) in paragraph at lines 245--246
\OT1/cmr/m/n/10 on ENSO in the con-trol sim-u-la-tion. The AMO has been shown t
o have an in-flu-ence on 
 []


Overfull \hbox (17.93237pt too wide) in paragraph at lines 245--246
\OT1/cmr/m/n/10 ENSO strength and sea-sonal growth rate []Levine et al.[], 2017
). We fil-ter the con-trol Ni~no 
 []


Overfull \hbox (0.98793pt too wide) in paragraph at lines 245--246
\OT1/cmr/m/n/10 3.4 vari-ance data ac-cord-ing to the strength of the AMO and A
MOC, us-ing records of 
 []


Overfull \hbox (2.48793pt too wide) in paragraph at lines 245--246
\OT1/cmr/m/n/10 AMO/C strength in the Cli-mate Vari-abil-ity Dio-g-nos-tics Pac
k-age (CVDP) []Phillips et 
 []


Overfull \hbox (4.1547pt too wide) in paragraph at lines 245--246
\OT1/cmr/m/n/10 al.[], 2014). The Prob-a-bil-ity Dis-tri-bu-tion Func-tion of N
i~no 3.4 vari-ance is es-ti-mated for 
 []


Overfull \hbox (7.21709pt too wide) in paragraph at lines 245--246
\OT1/cmr/m/n/10 AMO/C > 1/2$\OML/cmm/m/it/10 ^^[$ \OT1/cmr/m/n/10 and < -1/-2$\
OML/cmm/m/it/10 ^^[$ \OT1/cmr/m/n/10 us-ing a Ker-nel Den-sity Es-ti-ma-tion. N
o mean-ing-ful dif-fer- 
 []


Overfull \hbox (20.90459pt too wide) in paragraph at lines 245--246
\OT1/cmr/m/n/10 ences were found in the dis-tri-bu-tion of ENSO in-ten-sity un-
der any of these con-di-tions (See 
 []

[4]
Overfull \hbox (4.23788pt too wide) in paragraph at lines 248--249
[]\OT1/cmr/m/n/10 We an-a-lyze the role of in-di-vid-ual fac-tors us-ing the CE
SM Sin-gle Forc-ing En-sem- 
 []


Overfull \hbox (9.34892pt too wide) in paragraph at lines 248--249
\OT1/cmr/m/n/10 bles. To sep-a-rate the in-flu-ence of a sin-gle fac-tor from t
he fully-forced en-sem-ble, we em- 
 []


Overfull \hbox (8.5435pt too wide) in paragraph at lines 248--249
\OT1/cmr/m/n/10 ploy a boot-strap test. For each single-forcing en-sem-ble, a s
in-gle sim-u-la-tion is ran-domly 
 []


Overfull \hbox (3.01566pt too wide) in paragraph at lines 248--249
\OT1/cmr/m/n/10 se-lected, and the Ni~no 3.4 20-year vari-ance record is sub-tr
acted from that from a ran- 
 []


Overfull \hbox (2.79341pt too wide) in paragraph at lines 248--249
\OT1/cmr/m/n/10 domly se-lected fully-forced sim-u-la-tion. We re-peat this pro
-cess 1000 times for each en- 
 []


Overfull \hbox (0.23778pt too wide) in paragraph at lines 248--249
\OT1/cmr/m/n/10 sem-ble, and then cal-cu-late the mean and stan-dard er-ror for
 each en-sem-ble. These re- 
 []


Overfull \hbox (15.68222pt too wide) in paragraph at lines 248--249
\OT1/cmr/m/n/10 sults are shown in fig-ure 2[]. The greenhouse-only en-sem-ble 
as well as the aerosol-only en- 
 []


Overfull \hbox (12.62682pt too wide) in paragraph at lines 248--249
\OT1/cmr/m/n/10 sem-ble ex-hibit in-creased vari-ance, sig-nal-ing that green-h
ouse and aerosol emis-sions likely 
 []


Overfull \hbox (5.09901pt too wide) in paragraph at lines 248--249
\OT1/cmr/m/n/10 both play a sig-nif-i-cant role in ENSO's forced re-sponse in t
he full-forcing en-sem-ble. In- 
 []


Overfull \hbox (2.84895pt too wide) in paragraph at lines 248--249
\OT1/cmr/m/n/10 ter-est-ingly, the in-flu-ence of green-house gasses and aeroso
ls are non-conflicting, in con- 
 []


Overfull \hbox (15.54343pt too wide) in paragraph at lines 248--249
\OT1/cmr/m/n/10 trast with pre-vi-ous stud-ies that show op-po-site ef-fects of
 green-house gas and aerosol forc- 
 []


Overfull \hbox (10.54349pt too wide) in paragraph at lines 248--249
\OT1/cmr/m/n/10 ing on ENSO []Stevenson et al.[], 2019). All the other sin-gle 
forc-ing en-sem-bles ex-hibit in- 
 []


Overfull \hbox (4.84897pt too wide) in paragraph at lines 248--249
\OT1/cmr/m/n/10 signif-i-cant dif-fer-ences from the fully-forced en-sem-ble. T
he biomass burn-ing case shows 
 []


Overfull \hbox (33.07126pt too wide) in paragraph at lines 248--249
\OT1/cmr/m/n/10 very small de-vi-a-tions from the fully-forced case, while the 
ozone en-sem-ble's pe-riod of record- 
 []


Overfull \hbox (9.349pt too wide) in paragraph at lines 248--249
\OT1/cmr/m/n/10 ing is too small to draw mean-ing-ful con-clu-sions. How-ever, 
[]Nowack et al.[] (2017) showed 
 []


Overfull \hbox (6.37679pt too wide) in paragraph at lines 248--249
\OT1/cmr/m/n/10 that ozone forc-ing may dampen the ef-fect of greenhouse-forced
 in-creases to ENSO am- 
 []


Overfull \hbox (13.849pt too wide) in paragraph at lines 248--249
\OT1/cmr/m/n/10 pli-tude by re-duc-ing changes to Pa-cific sea tem-per-a-ture a
nd the Walker Cir-cu-la-tion. The 
 []


Overfull \hbox (4.7934pt too wide) in paragraph at lines 248--249
\OT1/cmr/m/n/10 land use/cover case, while it does show large de-vi-a-tions fro
m the fully-forced case, has 
 []


Underfull \vbox (badness 2608) has occurred while \output is active []

 [5 <./figures/variance_1.pdf>]
<figures/bootstrap_1.pdf, id=73, 289.08pt x 216.81pt>
File: figures/bootstrap_1.pdf Graphic file (type pdf)
<use figures/bootstrap_1.pdf>
Package pdftex.def Info: figures/bootstrap_1.pdf  used on input line 251.
(pdftex.def)             Requested size: 289.07928pt x 216.80946pt.

Underfull \hbox (badness 10000) in paragraph at lines 252--252
[]\OT1/cmr/bx/n/9 Figure  2. \OT1/cmr/m/n/9 Dif-fer-ence be-tween fully forced 
and sin-gle forced en-sem-bles de-rived from the boot-
 []


Underfull \hbox (badness 10000) in paragraph at lines 252--252
\OT1/cmr/m/n/9 strap pro-cess for a) green-house gas, b) aerosol emis-sions c) 
biomass burn-ing, d) land use/cover,
 []


Underfull \hbox (badness 10000) in paragraph at lines 252--252
\OT1/cmr/m/n/9 e) ozone; f) com-pares the sum of the boot-strapped en-sem-ble m
eans for the sin-gle forc-ing en-
 []


Underfull \hbox (badness 10000) in paragraph at lines 252--252
\OT1/cmr/m/n/9 sem-bles (blue) and the en-sem-ble mean for the full forc-ing en
-sem-ble, de-trended by a con-stant to
 []


Overfull \hbox (12.29349pt too wide) in paragraph at lines 256--257
[]\OT1/cmr/m/n/10 In both the fully-forced sce-nario, and the green-house and a
erosol only sim-u-la-tions, 
 []


Overfull \hbox (11.7657pt too wide) in paragraph at lines 256--257
\OT1/cmr/m/n/10 there is no-tice-ably re-duced Ni~no 3.4 vari-ance in the mid-2
0[]th cen-tury, be-low 2 stan-dard 
 []


Overfull \hbox (11.96011pt too wide) in paragraph at lines 256--257
\OT1/cmr/m/n/10 er-rors of the con-trol. We hy-poth-e-size that this dis-crep-a
ncy may be the re-sult of anoma- 
 []


Overfull \hbox (1.01572pt too wide) in paragraph at lines 256--257
\OT1/cmr/m/n/10 lous ini-tial con-di-tions caused by in-ter-nal vari-abil-ity o
f the con-trol, as the con-trol con- 
 []


Overfull \hbox (14.48785pt too wide) in paragraph at lines 256--257
\OT1/cmr/m/n/10 di-tions are used to ini-tial-ize all the forced runs. To test 
this hy-poth-e-sis, we an-a-lyzed the 
 []


Overfull \hbox (23.0158pt too wide) in paragraph at lines 256--257
\OT1/cmr/m/n/10 im-pact of the At-lantic Mul-ti-decadal Os-cil-la-tion (AMO) an
d the At-lantic Merid-ional Over- 
 []


Overfull \hbox (4.37683pt too wide) in paragraph at lines 256--257
\OT1/cmr/m/n/10 turn-ing Cur-rent (AMOC) on Ni~no 3.4 vari-ance in the con-trol
 sim-u-la-tion us-ing records 
 []


Overfull \hbox (34.09914pt too wide) in paragraph at lines 256--257
\OT1/cmr/m/n/10 of the AMO and AMOC from the Cli-mate Vari-abil-ity Di-ag-nos-t
ics Pack-age (CVDP) []Phillips 
 []


Overfull \hbox (1.51564pt too wide) in paragraph at lines 256--257
\OT1/cmr/m/n/10 et al.[], 2014). We fil-tered the 20-year vari-ance of the Ni~n
o 3.4 sea sur-face tem-per-a-ture 
 []


Overfull \hbox (18.87686pt too wide) in paragraph at lines 256--257
\OT1/cmr/m/n/10 in the con-trol based on the strength of the AMO/AMOC, sep-a-ra
t-ing ENSO vari-ance into 
 []


Overfull \hbox (10.72389pt too wide) in paragraph at lines 256--257
\OT1/cmr/m/n/10 groups where AMO < -1$\OML/cmm/m/it/10 ^^[$\OT1/cmr/m/n/10 , AM
O < -2$\OML/cmm/m/it/10 ^^[$\OT1/cmr/m/n/10 , AMO > 1$\OML/cmm/m/it/10 ^^[$\OT1
/cmr/m/n/10 , AMO >2$\OML/cmm/m/it/10 ^^[$\OT1/cmr/m/n/10 , and the same for AM
OC. 
 []


Overfull \hbox (3.18236pt too wide) in paragraph at lines 256--257
\OT1/cmr/m/n/10 We then es-ti-mated the prob-a-bil-ity den-sity func-tion for e
ach group us-ing a ker-nel den- 
 []


Overfull \hbox (12.26569pt too wide) in paragraph at lines 256--257
\OT1/cmr/m/n/10 sity es-ti-ma-tor. We ob-served no con-sis-tent dif-fer-ence in
 the dis-tri-bu-tion of Ni~no 3.4 vari- 
 []


Overfull \hbox (6.26564pt too wide) in paragraph at lines 256--257
\OT1/cmr/m/n/10 ance be-tween any group. So far the ques-tion of re-duced vari-
ance is unan-swered, and it 
 []


Underfull \vbox (badness 2005) has occurred while \output is active []

 [6 <./figures/bootstrap_1.pdf>]
Overfull \hbox (15.76564pt too wide) in paragraph at lines 259--260
[]\OT1/cmr/m/n/10 Next, we an-a-lyzeed the cor-re-la-tion be-tween ENSO am-pli-
tude and changes to ocean 
 []


Overfull \hbox (22.18225pt too wide) in paragraph at lines 259--260
\OT1/cmr/m/n/10 struc-ture in the CESM1 en-sem-bles. To do this we used 4 slice
s of ocean tem-per-a-ture from 
 []


Overfull \hbox (8.46016pt too wide) in paragraph at lines 259--260
\OT1/cmr/m/n/10 the fully-forced, xghg, and xaer en-sem-bles, in-clud-ing a sli
ce av-er-aged along the equa-tor 
 []


Overfull \hbox (8.2656pt too wide) in paragraph at lines 259--260
\OT1/cmr/m/n/10 and slices through the west-ern, cen-tral, and east-ern Pa-cifi
c basins. We lin-early de-trend 
 []


Overfull \hbox (19.2657pt too wide) in paragraph at lines 259--260
\OT1/cmr/m/n/10 and smooth with a 30-year win-dowed mean the time-series at eac
h grid-point and the Ni~no 
 []


Overfull \hbox (14.96004pt too wide) in paragraph at lines 259--260
\OT1/cmr/m/n/10 3.4 vari-ance. Next, we cal-cu-lated the Pear-son's cor-re-la-t
ion co-ef-fi-cient be-tween each grid- 
 []


Overfull \hbox (5.15454pt too wide) in paragraph at lines 259--260
\OT1/cmr/m/n/10 point and the Ni~no 3.4 vari-ance time-series. The cor-re-la-ti
on co-ef-fi-cients for the equa-to- 
 []


Overfull \hbox (3.93236pt too wide) in paragraph at lines 261--262
[]\OT1/cmr/m/n/10 Overall, the ma-jor-ity of the Pa-cific basin ex-hibits neg-a
-tive cor-re-la-tion with Ni~no 
 []


Overfull \hbox (16.79356pt too wide) in paragraph at lines 261--262
\OT1/cmr/m/n/10 3.4 vari-ance when lin-early de-trended and smoothed. The fully
-forced sim-u-la-tion con-tains 
 []


Overfull \hbox (7.26567pt too wide) in paragraph at lines 261--262
\OT1/cmr/m/n/10 strongly neg-a-tive cor-re-la-tion be-tween the sub-sur-face la
yer of the equa-to-rial Pa-cific and 
 []


Overfull \hbox (7.9046pt too wide) in paragraph at lines 261--262
\OT1/cmr/m/n/10 ENSO am-pli-tude, lead-ing to the hy-poth-e-sis that forced cha
nges to Pa-cific Ocean strat- 
 []


Overfull \hbox (2.7656pt too wide) in paragraph at lines 261--262
\OT1/cmr/m/n/10 i-fi-ca-tion may be con-nected to ENSO in-ten-sity. How-ever, i
t is un-clear whether there is 
 []


Overfull \hbox (9.90451pt too wide) in paragraph at lines 261--262
\OT1/cmr/m/n/10 also a causal re-la-tion-ship be-tween the two. Ad-di-tion-ally
, it is un-clear whether the over- 
 []


Overfull \hbox (13.98788pt too wide) in paragraph at lines 261--262
\OT1/cmr/m/n/10 all warm-ing trend of the up-per Pa-cific ocean is con-nected t
o changes to ENSO in-ten-sity. 
 []


Overfull \hbox (7.62674pt too wide) in paragraph at lines 261--262
\OT1/cmr/m/n/10 We no-tice that the high lev-els of cor-re-la-tion be-tween the
 sub-sur-face layer and Ni~no 3.4 
 []


Overfull \hbox (4.8211pt too wide) in paragraph at lines 261--262
\OT1/cmr/m/n/10 vari-ance are present in the xGHG and xAER en-sem-bles, as well
 as the fully forced en- 
 []


Overfull \hbox (12.1268pt too wide) in paragraph at lines 261--262
\OT1/cmr/m/n/10 sem-ble, sug-gest-ing that there is a re-la-tion-ship be-tween 
ENSO am-pli-tude and sub-sur-face 
 []


Underfull \vbox (badness 10000) has occurred while \output is active []

 [7]
<figures/tempdt.pdf, id=123, 289.08pt x 361.35pt>
File: figures/tempdt.pdf Graphic file (type pdf)
<use figures/tempdt.pdf>
Package pdftex.def Info: figures/tempdt.pdf  used on input line 264.
(pdftex.def)             Requested size: 289.07928pt x 361.34912pt.

Underfull \hbox (badness 10000) in paragraph at lines 265--265
[]\OT1/cmr/bx/n/9 Figure  3. \OT1/cmr/m/n/9 Cor-re-la-tion co-ef-fi-cient be-tw
een de-trended and smoothed ocean tem-per-a-ture av-
 []


Underfull \hbox (badness 10000) in paragraph at lines 265--265
\OT1/cmr/m/n/9 er-aged along the equa-tor and de-trended and smoothed Ni~no 3.4
 vari-ance. Grey color in-di-cates
 []

<figures/tempcep.pdf, id=124, 289.08pt x 361.35pt>
File: figures/tempcep.pdf Graphic file (type pdf)
<use figures/tempcep.pdf>
Package pdftex.def Info: figures/tempcep.pdf  used on input line 271.
(pdftex.def)             Requested size: 289.07928pt x 361.34912pt.

Underfull \hbox (badness 10000) in paragraph at lines 272--272
[]\OT1/cmr/bx/n/9 Figure  4. \OT1/cmr/m/n/9 Cor-re-la-tion co-ef-fi-cient be-tw
een de-trended and smoothed ocean tem-per-a-ture of the
 []


Underfull \hbox (badness 10000) in paragraph at lines 272--272
\OT1/cmr/m/n/9 cen-tral pa-cific slice and de-trended and smoothed Ni~no 3.4 va
ri-ance. Grey color in-di-cates points
 []


Overfull \hbox (7.40456pt too wide) in paragraph at lines 280--281
[]\OT1/cmr/m/n/10 In this study, pre-dicted changes to ENSO am-pli-tude are ex-
am-ined in the CESM1 
 []


Overfull \hbox (7.12679pt too wide) in paragraph at lines 280--281
\OT1/cmr/m/n/10 Large En-sem-ble and Sin-gle Forc-ing En-sem-ble. The fully-for
ced large en-sem-ble ex-hibits 
 []


Overfull \hbox (13.0435pt too wide) in paragraph at lines 280--281
\OT1/cmr/m/n/10 in-creased ENSO am-pli-tude, as mea-sured by cal-cu-lat-ing the
 20-year vari-ance of the Ni~no 
 []


Overfull \hbox (17.18236pt too wide) in paragraph at lines 280--281
\OT1/cmr/m/n/10 3.4 in-dex. These changes ap-pear to be sta-tis-ti-cally sig-ni
f-i-cant, but need to be scru-ti-nized 
 []


Overfull \hbox (0.79341pt too wide) in paragraph at lines 280--281
\OT1/cmr/m/n/10 fur-ther, as they are in dis-agree-ment with re-sults of some p
re-vi-ous stud-ies []Stevenson, 
 []


Overfull \hbox (8.29346pt too wide) in paragraph at lines 280--281
\OT1/cmr/m/n/10 2012). Ad-di-tion-ally, the fully-forced en-sem-ble, as well as
 all the oth-ers con-tains con-sid- 
 []


Overfull \hbox (33.59901pt too wide) in paragraph at lines 280--281
\OT1/cmr/m/n/10 gas and aerosol emis-sions are likely the most sig-nif-i-cant c
on-trib-u-tors to these forced changes, 
 []


Overfull \hbox (1.98781pt too wide) in paragraph at lines 280--281
\OT1/cmr/m/n/10 as shown by the fact that the en-sem-ble mean for the xGHG and 
xAER en-sem-bles are 
 []


Overfull \hbox (14.93237pt too wide) in paragraph at lines 280--281
\OT1/cmr/m/n/10 the most dif-fer-ent from the fully-forced mean. All the other 
single-forcing en-sem-bles had 
 []


Overfull \hbox (20.84897pt too wide) in paragraph at lines 280--281
\OT1/cmr/m/n/10 in-signif-i-cant dif-fer-ences from the fully forced en-sem-ble
, or were lack-ing a sam-ple size large 
 []


Overfull \hbox (14.65456pt too wide) in paragraph at lines 280--281
\OT1/cmr/m/n/10 enough to lend cred-i-bil-ity to their re-sults. Anal-y-sis of 
the cor-re-la-tion co-ef-fi-cient be-tween 
 []


Overfull \hbox (1.29347pt too wide) in paragraph at lines 280--281
\OT1/cmr/m/n/10 ENSO am-pli-tude and Pa-cific ocean tem-per-a-ture re-veals tha
t changes to ENSO in-ten- 
 []


Overfull \hbox (2.65446pt too wide) in paragraph at lines 280--281
\OT1/cmr/m/n/10 sity are tied to changes to the sub-sur-face layer of the trop-
i-cal Pa-cific Ocean. It is still 
 []


Overfull \hbox (1.40453pt too wide) in paragraph at lines 280--281
\OT1/cmr/m/n/10 un-clear what is driv-ing this con-nec-tion, as well as how ex-
ter-nal forc-ing such as global 
 []


Overfull \hbox (2.4046pt too wide) in paragraph at lines 280--281
\OT1/cmr/m/n/10 ca-tion and ENSO vari-abil-ity as higher lev-els of strat-i-fi-
ca-tion re-sult in a stronger ther- 
 []


Overfull \hbox (7.43231pt too wide) in paragraph at lines 280--281
\OT1/cmr/m/n/10 mo-cline feed-back, which causes the Pa-cific to be-come less s
ta-ble, mak-ing strong ENSO 
 []

[8 <./figures/tempdt.pdf>] [9 <./figures/tempcep.pdf>]
Overfull \hbox (17.46004pt too wide) in paragraph at lines 282--283
[]\OT1/cmr/m/n/10 This study pro-duced sim-i-lar re-sults as of pre-vi-ous stud
-ies, as it pre-dicts an in-crease 
 []


Overfull \hbox (14.76573pt too wide) in paragraph at lines 282--283
\OT1/cmr/m/n/10 in ENSO am-pli-tude, as well as over-whelm-ing noise caused by 
in-ter-nal vari-abil-ity []Maher 
 []


Overfull \hbox (15.62686pt too wide) in paragraph at lines 282--283
\OT1/cmr/m/n/10 et al.[], 2018). Al-though there is lim-ited re-search on the i
m-pact of in-di-vid-ual ex-ter-nal fac- 
 []


Overfull \hbox (2.65457pt too wide) in paragraph at lines 282--283
\OT1/cmr/m/n/10 tors on ENSO, this study com-ple-ments the re-sults of []Steven
son et al.[] (2019), who ob- 
 []


Overfull \hbox (10.3212pt too wide) in paragraph at lines 282--283
\OT1/cmr/m/n/10 served con-flict-ing ef-fects of green-house gas and aerosol em
is-sions on ENSO di-ver-sity. In 
 []


Overfull \hbox (14.90463pt too wide) in paragraph at lines 282--283
\OT1/cmr/m/n/10 con-trast, this study ob-serves that the im-pact on ENSO am-pli
-tude of green-house gas and 
 []


Overfull \hbox (24.0712pt too wide) in paragraph at lines 282--283
\OT1/cmr/m/n/10 aerosols has the same sign. This re-sult is also sur-pris-ing g
iven that green-house and aerosol 
 []


Overfull \hbox (19.82121pt too wide) in paragraph at lines 282--283
\OT1/cmr/m/n/10 emis-sions have been shown to have op-po-site ef-fects on sea s
ur-face tem-per-a-ture and global 
 []


Overfull \hbox (33.59903pt too wide) in paragraph at lines 282--283
\OT1/cmr/m/n/10 cir-cu-la-tion, with green-house emis-sions fa-vor-ing a more N
i~no-like state with weak-ened Walker 
 []


Overfull \hbox (2.12675pt too wide) in paragraph at lines 282--283
\OT1/cmr/m/n/10 cir-cu-la-tion and higher SST, and aerosol emis-sions coun-ter-
act-ing these ef-fects []Boer et 
 []


Overfull \hbox (23.84901pt too wide) in paragraph at lines 284--285
[]\OT1/cmr/m/n/10 This study has a num-ber of goals for fu-ture con-tin-u-a-tio
n. The most press-ing of these 
 []


Overfull \hbox (4.0156pt too wide) in paragraph at lines 284--285
\OT1/cmr/m/n/10 goals is a deeper anal-y-sis of changes to Pa-cific Ocean struc
-ture, which will be done by 
 []


Overfull \hbox (5.48793pt too wide) in paragraph at lines 284--285
\OT1/cmr/m/n/10 ex-am-in-ing cor-re-la-tion be-tween ENSO am-pli-tude and po-te
n-tial den-sity, as well as com- 
 []


Overfull \hbox (22.3769pt too wide) in paragraph at lines 284--285
\OT1/cmr/m/n/10 par-isons of changes to strat-i-fi-ca-tion in the Pa-cific. Ad-
di-tion-ally, the meth-ods of this study 
 []


Overfull \hbox (6.98778pt too wide) in paragraph at lines 284--285
\OT1/cmr/m/n/10 will be re-peated on the CESM2 large en-sem-ble, which has a la
rger en-sem-ble size and a 
 []


Overfull \hbox (3.07124pt too wide) in paragraph at lines 284--285
\OT1/cmr/m/n/10 longer record pe-riod, as com-pared to CESM1. Anal-y-sis of the
 CMIP6 mod-els are also 
 []


Overfull \hbox (24.98787pt too wide) in paragraph at lines 284--285
\OT1/cmr/m/n/10 nec-es-sary to ver-ify these re-sults across vari-a-tions in mo
del physics. Deeper sta-tis-ti-cal anal- 
 []


Overfull \hbox (2.04353pt too wide) in paragraph at lines 284--285
\OT1/cmr/m/n/10 hood and in-ten-sity of fu-ture changes to ENSO am-pli-tude. La
stly, cor-re-la-tion be-tween 
 []


Overfull \hbox (17.59914pt too wide) in paragraph at lines 284--285
\OT1/cmr/m/n/10 ENSO am-pli-tude and in-ter-nal vari-abil-ity should be fur-the
r in-ves-ti-gated us-ing the records 
 []


Overfull \hbox (18.2379pt too wide) in paragraph at lines 284--285
\OT1/cmr/m/n/10 pro-vided by the CVDP. Do-ing these fur-ther anal-y-ses will he
lp to ver-ify the re-sults of this 
 []


Underfull \vbox (badness 10000) has occurred while \output is active []

 [10]
Overfull \hbox (13.15451pt too wide) in paragraph at lines 286--287
[]\OT1/cmr/m/n/10 The re-sults of this study will help to di-rect fu-ture stud-
ies on the im-pact of cli-mate 
 []


Overfull \hbox (28.96031pt too wide) in paragraph at lines 286--287
\OT1/cmr/m/n/10 change on ENSO by pro-vid-ing one fur-ther data point sup-port-
ing the con-clu-sion that ENSO 
 []


Overfull \hbox (13.57124pt too wide) in paragraph at lines 286--287
\OT1/cmr/m/n/10 will in-ten-sify due to global warm-ing. This study and oth-ers
 like it will help so-ci-eties im- 
 []

(./paper.bbl
Underfull \hbox (badness 10000) in paragraph at lines 39--54
\OT1/cmr/m/n/10 with green-house gas and aerosol forc-ing: pro-jected cli-mate 
to the twenty-first 
 []


Underfull \hbox (badness 10000) in paragraph at lines 66--85
[]\OT1/cmr/m/n/10 Deser, C., Phillips, A. S., Simp-son, I. R., Rosen-bloom, N.,
 Cole-man, D., Lehner, 
 []


Underfull \hbox (badness 1888) in paragraph at lines 66--85
\OT1/cmr/m/n/10 F., ... Steven-son, S.  (2020).  Iso-lat-ing the evolv-ing con-
tri-bu-tions of an-thro- 
 []


Underfull \hbox (badness 10000) in paragraph at lines 66--85
\OT1/cmr/m/n/10 pogenic aerosols and green-house gases: a new cesm1 large en-se
m-ble com-mu-nity 
 []


Underfull \hbox (badness 10000) in paragraph at lines 99--114
\OT1/cmr/m/n/10 back in the western-central equa-to-rial pa-cific and its re-la
-tion-ship with the enso 
 []


Underfull \hbox (badness 10000) in paragraph at lines 126--145
[]\OT1/cmr/m/n/10 Jim^^Senez-Mu~noz, J. C., Mat-tar, C., Barichivich, J., San-t
a-mar^^S^^Pa-Artigas, A., Taka- 
 []


Underfull \hbox (badness 10000) in paragraph at lines 126--145
\OT1/cmr/m/n/10 and ex-treme drought in the ama-zon rain-for-est dur-ing the co
urse of el ni~no 
 []


Underfull \hbox (badness 10000) in paragraph at lines 157--178
[]\OT1/cmr/m/n/10 Kay, J. E., Deser, C., Phillips, A., Mai, A., Han-nay, C., St
rand, G., ... oth-ers 
 []


Underfull \hbox (badness 10000) in paragraph at lines 157--178
\OT1/cmr/m/n/10 (2015).  The com-mu-nity earth sys-tem model (cesm) large en-se
m-ble project: 
 []


Underfull \hbox (badness 10000) in paragraph at lines 157--178
\OT1/cmr/m/n/10 A com-mu-nity re-source for study-ing cli-mate change in the pr
es-ence of in-ter-nal 
 []


Underfull \hbox (badness 10000) in paragraph at lines 157--178
\OT1/cmr/m/n/10 cli-mate vari-abil-ity.  \OT1/cmr/m/it/10 Bul-letin of the Amer
-i-can Me-te-o-ro-log-i-cal So-ci-ety\OT1/cmr/m/n/10 , \OT1/cmr/m/it/10 96\OT1/
cmr/m/n/10 (8), 
 []


Underfull \hbox (badness 1320) in paragraph at lines 192--205
[]\OT1/cmr/m/n/10 Kohyama, T., Hart-mann, D. L., & Bat-tisti, D. S.  (2018).  W
eak-en-ing of non-lin-ear 
 []


Underfull \vbox (badness 5878) has occurred while \output is active []

 [11]
Underfull \hbox (badness 7796) in paragraph at lines 219--232
\OT1/cmr/m/n/10 on mul-ti-decadal enso vari-abil-ity.  \OT1/cmr/m/it/10 Geo-phy
s-i-cal Re-search Let-ters\OT1/cmr/m/n/10 , \OT1/cmr/m/it/10 44\OT1/cmr/m/n/10 
(8), 3877-- 
 []


Underfull \hbox (badness 10000) in paragraph at lines 361--373
[]\OT1/cmr/m/n/10 Stevenson, S.  (2012).  Sig-nif-i-cant changes to enso streng
th and im-pacts in the 
 []


Underfull \hbox (badness 10000) in paragraph at lines 361--373
\OT1/cmr/m/n/10 twenty-first cen-tury: Re-sults from cmip5.  \OT1/cmr/m/it/10 G
eo-phys-i-cal Re-search Let-ters\OT1/cmr/m/n/10 , 
 []


Underfull \hbox (badness 1953) in paragraph at lines 388--403
\OT1/cmr/m/n/10 to twen-ti-eth cen-tury enso di-ver-sity in a last mil-len-nium
 con-text.  \OT1/cmr/m/it/10 Cli-mate Dy- 
 []


Underfull \hbox (badness 5359) in paragraph at lines 417--432
\OT1/cmr/m/n/10 warm-ing in cesm large en-sem-ble: un-cer-tainty due to in-ter-
nal vari-abil-ity.  \OT1/cmr/m/it/10 Cli- 
 []

)
Overfull \hbox (16.82123pt too wide) in paragraph at lines 481--482
\OT1/cmr/m/n/10 This ma-te-rial is based upon work sup-ported by the Na-tional 
Cen-ter for At-mo-spheric Re- 
 []


Overfull \hbox (0.32124pt too wide) in paragraph at lines 481--482
\OT1/cmr/m/n/10 search, which is a ma-jor fa-cil-ity spon-sored by the Na-tiona
l Sci-ence Foun-da-tion un-der 
 []


Overfull \hbox (4.51581pt too wide) in paragraph at lines 481--482
\OT1/cmr/m/n/10 Co-op-er-a-tive Agree-ment No. 1852977. Com-put-ing re-sources 
(doi:10.5065/D6RX99HX) 
 []


Overfull \hbox (15.0158pt too wide) in paragraph at lines 481--482
\OT1/cmr/m/n/10 were pro-vided by the Cli-mate Sim-u-la-tion Lab-o-ra-tory at N
CAR's Com-pu-ta-tional and In- 
 []


Overfull \hbox (14.09918pt too wide) in paragraph at lines 481--482
\OT1/cmr/m/n/10 for-ma-tion Sys-tems Lab-o-ra-tory, spon-sored by the Na-tional
 Sci-ence Foun-da-tion and other 
 []


Overfull \hbox (17.54355pt too wide) in paragraph at lines 481--482
\OT1/cmr/m/n/10 agen-cies. I would like to thank Ms. Kim-berly Flem-ing and the
 White Plains High School 
 []

[12] (./paper.aux)

LaTeX Font Warning: Size substitutions with differences
(Font)              up to 0.45pt have occurred.

 ) 
Here is how much of TeX's memory you used:
 3301 strings out of 492616
 46070 string characters out of 6129482
 122238 words of memory out of 5000000
 7162 multiletter control sequences out of 15000+600000
 9062 words of font info for 32 fonts, out of 8000000 for 9000
 1147 hyphenation exceptions out of 8191
 43i,8n,37p,1704b,318s stack positions out of 5000i,500n,10000p,200000b,80000s
</usr/local/texlive/2019/texmf-dist/fonts/type1/public/amsfonts/cm/cmbx10.pfb
></usr/local/texlive/2019/texmf-dist/fonts/type1/public/amsfonts/cm/cmbx12.pfb>
</usr/local/texlive/2019/texmf-dist/fonts/type1/public/amsfonts/cm/cmbx9.pfb></
usr/local/texlive/2019/texmf-dist/fonts/type1/public/amsfonts/cm/cmmi10.pfb></u
sr/local/texlive/2019/texmf-dist/fonts/type1/public/amsfonts/cm/cmmi7.pfb></usr
/local/texlive/2019/texmf-dist/fonts/type1/public/amsfonts/cm/cmr10.pfb></usr/l
ocal/texlive/2019/texmf-dist/fonts/type1/public/amsfonts/cm/cmr6.pfb></usr/loca
l/texlive/2019/texmf-dist/fonts/type1/public/amsfonts/cm/cmr7.pfb></usr/local/t
exlive/2019/texmf-dist/fonts/type1/public/amsfonts/cm/cmr8.pfb></usr/local/texl
ive/2019/texmf-dist/fonts/type1/public/amsfonts/cm/cmr9.pfb></usr/local/texlive
/2019/texmf-dist/fonts/type1/public/amsfonts/cm/cmss8.pfb></usr/local/texlive/2
019/texmf-dist/fonts/type1/public/amsfonts/cm/cmsy5.pfb></usr/local/texlive/201
9/texmf-dist/fonts/type1/public/amsfonts/cm/cmti10.pfb></usr/local/texlive/2019
/texmf-dist/fonts/type1/public/amsfonts/cm/cmti9.pfb></usr/local/texlive/2019/t
exmf-dist/fonts/type1/public/amsfonts/cm/cmtt9.pfb>
Output written on paper.pdf (12 pages, 1248467 bytes).
PDF statistics:
 267 PDF objects out of 1000 (max. 8388607)
 99 compressed objects within 1 object stream
 0 named destinations out of 1000 (max. 500000)
 21 words of extra memory for PDF output out of 10000 (max. 10000000)

