This is XeTeX, Version 3.14159265-2.6-0.999991 (TeX Live 2019) (preloaded format=xelatex 2019.5.8)  27 OCT 2020 08:42
entering extended mode
 restricted \write18 enabled.
 %&-line parsing enabled.
**si_template_2019.tex
(./si_template_2019.tex
LaTeX2e <2018-12-01>
(./agutexSI2019.cls


 AGUTeX Journal Style, American Geophysical Union 
 This version is dated January 14, 2019


Document Class: agutexSI2019 01/14/2019
\c@chapter=\count80
\c@section=\count81
\c@subsection=\count82
\c@subsubsection=\count83
\c@figure=\count84
\c@table=\count85
\mathindent=\dimen102
\abovefigcaptionskip=\skip41
\abovetabcaptionskip=\skip42
\abovetableskip=\skip43
\belowtabcaptionskip=\dimen103
\landscapebox=\box27
\c@plate=\count86
\savecurrtable=\box28
\abovetabularskip=\skip44
\belowtabularskip=\skip45
\timing=\count87
\hourcount=\count88
\oldtime=\count89
\totpages=\count90
\belowtitleskip=\dimen104
\abovesubtitleskip=\dimen105
\belowsubtitleskip=\dimen106
\aboveauthorskip=\dimen107
\belowauthorskip=\dimen108
\thanksnum=\count91
\dothanks=\count92
\thankscounter=\count93
\titlethanksnum=\count94
\dotitlethanks=\count95
\titlethankscounter=\count96
\thanksnum=\count97
\dothanks=\count98
\thankscounter=\count99
\authorwidth=\dimen109
\authorbaselineskip=\dimen110
\aboveaffilskip=\dimen111
\belowaffilskip=\dimen112
\affilwidth=\dimen113
\aboveabstractskip=\dimen114
\belowabstractskip=\dimen115
\belowabstractnameskip=\dimen116
\abstractmargin=\dimen117
\abovereceivedskip=\skip46
\aboverevisedskip=\skip47
\aboveacceptedskip=\skip48
\abovepublishededskip=\skip49
\barticle=\box29
\thanksbox=\box30
\titlethanksbox=\box31
\c@appendnum=\count100
\footnum=\count101
\savefootnum=\count102
\ackskip=\skip50
\saveparskip=\dimen118
\captionskip=\dimen119
\PushOneColTopFig=\dimen120
\PushOneColBotFig=\dimen121
\PushOneColTopTab=\dimen122
\PushOneColBotTab=\dimen123
\PushTwoColTopFig=\dimen124
\PushTwoColBotFig=\dimen125
\PushTwoColTopTab=\dimen126
\PushTwoColBotTab=\dimen127
\intextfloatskip=\skip51
\c@appfigure=\count103
\c@apptable=\count104
\c@appplate=\count105
\checkforspace=\dimen128
\savetopinsert=\box32
\savebotinsert=\box33
\secondsavetopinsert=\box34
\secondsavebotinsert=\box35
\firstcolbox=\box36
\secondcolbox=\box37
\thefirstbox=\box38
\thesecondbox=\box39
\firstcol=\dimen129
\secondcol=\dimen130
\checkheight=\dimen131
\loopnum=\count106
\firstcolsavefignum=\count107
\footnotebox=\box40
\ColUsed=\dimen132
\FigSpace=\dimen133
\testdblbotins=\box41
\pageloopnum=\count108
\endcolsavetopinsert=\box42
\endcolsavebotinsert=\box43
\testpagesize=\box44
\savelastskip=\dimen134
\partialpage=\box45
\figandtabnumber=\count109
\figandtabbox=\box46
\pagefloatnumber=\count110
\sizeoffloat=\box47
\bogus=\count111
\figinsert=\insert199
\herebox=\box48
\endfigbox=\box49
\spanbox=\box50
\dbltopins=\box51
\dblbotins=\box52
\dblbotskip=\skip52
\dblfigandtabnumber=\count112
\dblfigandtabbox=\box53
\dblloopnum=\count113
\savedblfigandtabnumber=\count114
\dblspanherebox=\box54
\bigpagenum=\count115
\littlepagenum=\count116
\wholepagenum=\count117
\@cprtype=\count118
\@slugcmmntwidth=\dimen135
\affilnum=\count119
\totalaffils=\count120
\figcount=\count121
\saveequation=\count122
\c@currlett=\count123
\notationwidth=\dimen136
\betweennotationskip=\skip53
\WidestEntry=\dimen137
\premulticols=\dimen138
\page@free=\dimen139
\partial@page=\box55
\multicoltolerance=\count124
\doublecol@number=\count125
\multicolbaselineskip=\skip54
\c@collectmore=\count126
\loopcount=\count127
\fixdimen=\dimen140
\c@unbalance=\count128
\savedimen=\dimen141
\savehsize=\dimen142
\mycolumnwidth=\dimen143
\saveparindent=\dimen144
\saveparskip=\dimen145
\abstractwidth=\dimen146
\currlastnumber=\count129
\altaffilbox=\box56
\sectskip=\skip55
\belowsectionskip=\skip56
\subsectskip=\skip57
\belowsubsectskip=\skip58
\subsubsectskip=\skip59
\belowsubsubsectskip=\skip60
\c@subsubsubsection=\count130
\captionwidth=\dimen147
\widecaptionwidth=\dimen148
\landscapecaptionwidth=\dimen149
\@temptokenb=\toks14
(/usr/local/texlive/2019/texmf-dist/tex/latex/apacite/apacite.sty
Package: apacite 2013/07/21 v6.03 APA citation
\c@BibCnt=\count131
\bibleftmargin=\skip61
\bibindent=\skip62
\bibparsep=\skip63
\bibitemsep=\skip64
\biblabelsep=\skip65
)
(/usr/local/texlive/2019/texmf-dist/tex/latex/url/url.sty
\Urlmuskip=\muskip10
Package: url 2013/09/16  ver 3.4  Verb mode for urls, etc.
)
\beforeendskip=\skip66



 JGRGA style option, October 1, 2001,
 \documentclass[jgrga]{AGUTeX}
 ``Journal of Geophysical Research'', 
 Published by American Geophysical Union


\titlesize=\dimen150
) (/usr/local/texlive/2019/texmf-dist/tex/latex/graphics/graphicx.sty
Package: graphicx 2017/06/01 v1.1a Enhanced LaTeX Graphics (DPC,SPQR)

(/usr/local/texlive/2019/texmf-dist/tex/latex/graphics/keyval.sty
Package: keyval 2014/10/28 v1.15 key=value parser (DPC)
\KV@toks@=\toks15
)
(/usr/local/texlive/2019/texmf-dist/tex/latex/graphics/graphics.sty
Package: graphics 2017/06/25 v1.2c Standard LaTeX Graphics (DPC,SPQR)

(/usr/local/texlive/2019/texmf-dist/tex/latex/graphics/trig.sty
Package: trig 2016/01/03 v1.10 sin cos tan (DPC)
)
(/usr/local/texlive/2019/texmf-dist/tex/latex/graphics-cfg/graphics.cfg
File: graphics.cfg 2016/06/04 v1.11 sample graphics configuration
)
Package graphics Info: Driver file: xetex.def on input line 99.

(/usr/local/texlive/2019/texmf-dist/tex/latex/graphics-def/xetex.def
File: xetex.def 2017/06/24 v5.0h Graphics/color driver for xetex
))
\Gin@req@height=\dimen151
\Gin@req@width=\dimen152
)
(./si_template_2019.aux)
\openout1 = `si_template_2019.aux'.

LaTeX Font Info:    Checking defaults for OML/cmm/m/it on input line 116.
LaTeX Font Info:    ... okay on input line 116.
LaTeX Font Info:    Checking defaults for T1/cmr/m/n on input line 116.
LaTeX Font Info:    ... okay on input line 116.
LaTeX Font Info:    Checking defaults for OT1/cmr/m/n on input line 116.
LaTeX Font Info:    ... okay on input line 116.
LaTeX Font Info:    Checking defaults for OMS/cmsy/m/n on input line 116.
LaTeX Font Info:    ... okay on input line 116.
LaTeX Font Info:    Checking defaults for TU/lmr/m/n on input line 116.
LaTeX Font Info:    ... okay on input line 116.
LaTeX Font Info:    Checking defaults for OMX/cmex/m/n on input line 116.
LaTeX Font Info:    ... okay on input line 116.
LaTeX Font Info:    Checking defaults for U/cmr/m/n on input line 116.
LaTeX Font Info:    ... okay on input line 116.
\c@maskedRefs=\count132

(/usr/local/texlive/2019/texmf-dist/tex/latex/apacite/english.apc
File: english.apc 2013/07/21 v6.03 apacite language file
LaTeX Info: Redefining \BPBI on input line 129.
LaTeX Info: Redefining \BHBI on input line 130.
)
LaTeX Font Info:    External font `cmex10' loaded for size
(Font)              <8> on input line 158.
LaTeX Font Info:    External font `cmex10' loaded for size
(Font)              <6> on input line 158.
LaTeX Font Info:    External font `cmex10' loaded for size
(Font)              <5> on input line 158.
 [1

]
(./si_template_2019.aux) ) 
Here is how much of TeX's memory you used:
 1853 strings out of 492916
 23051 string characters out of 6133346
 106148 words of memory out of 5000000
 5943 multiletter control sequences out of 15000+600000
 10442 words of font info for 44 fonts, out of 8000000 for 9000
 1348 hyphenation exceptions out of 8191
 25i,5n,21p,485b,202s stack positions out of 5000i,500n,10000p,200000b,80000s

Output written on si_template_2019.pdf (1 page).
